# JRE version: OpenJDK Runtime Environment (11.0.13) (build 11.0.13+0-b1751.21-8125866)
# Java VM: OpenJDK 64-Bit Server VM (11.0.13+0-b1751.21-8125866, mixed mode, tiered, compressed oops, g1 gc, windows-amd64)
Heap:
 garbage-first heap   total 157696K, used 57224K [0x0000000080000000, 0x0000000100000000)
  region size 1024K, 3 young (3072K), 2 survivors (2048K)
 Metaspace       used 64112K, capacity 65652K, committed 65744K, reserved 1105920K
  class space    used 8082K, capacity 8676K, committed 8704K, reserved 1048576K
GC Heap History (20 events):
Event: 5.288 GC heap before
{Heap before GC invocations=4 (full 0):
 garbage-first heap   total 131072K, used 84239K [0x0000000080000000, 0x0000000100000000)
  region size 1024K, 67 young (68608K), 2 survivors (2048K)
 Metaspace       used 27310K, capacity 27938K, committed 28160K, reserved 1073152K
  class space    used 3549K, capacity 3776K, committed 3840K, reserved 1048576K
}
Event: 5.294 GC heap after
{Heap after GC invocations=5 (full 0):
 garbage-first heap   total 131072K, used 19715K [0x0000000080000000, 0x0000000100000000)
  region size 1024K, 4 young (4096K), 4 survivors (4096K)
 Metaspace       used 27310K, capacity 27938K, committed 28160K, reserved 1073152K
  class space    used 3549K, capacity 3776K, committed 3840K, reserved 1048576K
}
Event: 6.245 GC heap before
{Heap before GC invocations=5 (full 0):
 garbage-first heap   total 131072K, used 68867K [0x0000000080000000, 0x0000000100000000)
  region size 1024K, 53 young (54272K), 4 survivors (4096K)
 Metaspace       used 35166K, capacity 35938K, committed 36048K, reserved 1081344K
  class space    used 4514K, capacity 4806K, committed 4864K, reserved 1048576K
}
Event: 6.254 GC heap after
{Heap after GC invocations=6 (full 0):
 garbage-first heap   total 131072K, used 22904K [0x0000000080000000, 0x0000000100000000)
  region size 1024K, 7 young (7168K), 7 survivors (7168K)
 Metaspace       used 35166K, capacity 35938K, committed 36048K, reserved 1081344K
  class space    used 4514K, capacity 4806K, committed 4864K, reserved 1048576K
}
Event: 7.238 GC heap before
{Heap before GC invocations=7 (full 0):
 garbage-first heap   total 131072K, used 96632K [0x0000000080000000, 0x0000000100000000)
  region size 1024K, 76 young (77824K), 7 survivors (7168K)
 Metaspace       used 40708K, capacity 41644K, committed 41808K, reserved 1085440K
  class space    used 5138K, capacity 5486K, committed 5504K, reserved 1048576K
}
Event: 7.248 GC heap after
{Heap after GC invocations=8 (full 0):
 garbage-first heap   total 131072K, used 28620K [0x0000000080000000, 0x0000000100000000)
  region size 1024K, 9 young (9216K), 9 survivors (9216K)
 Metaspace       used 40708K, capacity 41644K, committed 41808K, reserved 1085440K
  class space    used 5138K, capacity 5486K, committed 5504K, reserved 1048576K
}
Event: 8.123 GC heap before
{Heap before GC invocations=8 (full 0):
 garbage-first heap   total 131072K, used 97228K [0x0000000080000000, 0x0000000100000000)
  region size 1024K, 76 young (77824K), 9 survivors (9216K)
 Metaspace       used 46753K, capacity 47844K, committed 48080K, reserved 1091584K
  class space    used 5935K, capacity 6351K, committed 6400K, reserved 1048576K
}
Event: 8.131 GC heap after
{Heap after GC invocations=9 (full 0):
 garbage-first heap   total 131072K, used 30601K [0x0000000080000000, 0x0000000100000000)
  region size 1024K, 3 young (3072K), 3 survivors (3072K)
 Metaspace       used 46753K, capacity 47844K, committed 48080K, reserved 1091584K
  class space    used 5935K, capacity 6351K, committed 6400K, reserved 1048576K
}
Event: 9.380 GC heap before
{Heap before GC invocations=9 (full 0):
 garbage-first heap   total 131072K, used 109449K [0x0000000080000000, 0x0000000100000000)
  region size 1024K, 71 young (72704K), 3 survivors (3072K)
 Metaspace       used 49645K, capacity 50909K, committed 51024K, reserved 1093632K
  class space    used 6268K, capacity 6782K, committed 6784K, reserved 1048576K
}
Event: 9.392 GC heap after
{Heap after GC invocations=10 (full 0):
 garbage-first heap   total 131072K, used 49152K [0x0000000080000000, 0x0000000100000000)
  region size 1024K, 9 young (9216K), 9 survivors (9216K)
 Metaspace       used 49645K, capacity 50909K, committed 51024K, reserved 1093632K
  class space    used 6268K, capacity 6782K, committed 6784K, reserved 1048576K
}
Event: 10.808 GC heap before
{Heap before GC invocations=10 (full 0):
 garbage-first heap   total 131072K, used 100352K [0x0000000080000000, 0x0000000100000000)
  region size 1024K, 59 young (60416K), 9 survivors (9216K)
 Metaspace       used 56722K, capacity 58188K, committed 58320K, reserved 1099776K
  class space    used 7125K, capacity 7668K, committed 7680K, reserved 1048576K
}
Event: 10.821 GC heap after
{Heap after GC invocations=11 (full 0):
 garbage-first heap   total 157696K, used 50734K [0x0000000080000000, 0x0000000100000000)
  region size 1024K, 2 young (2048K), 2 survivors (2048K)
 Metaspace       used 56722K, capacity 58188K, committed 58320K, reserved 1099776K
  class space    used 7125K, capacity 7668K, committed 7680K, reserved 1048576K
}
Event: 11.894 GC heap before
{Heap before GC invocations=11 (full 0):
 garbage-first heap   total 157696K, used 66094K [0x0000000080000000, 0x0000000100000000)
  region size 1024K, 18 young (18432K), 2 survivors (2048K)
 Metaspace       used 58891K, capacity 60364K, committed 60496K, reserved 1101824K
  class space    used 7433K, capacity 7989K, committed 8064K, reserved 1048576K
}
Event: 11.904 GC heap after
{Heap after GC invocations=12 (full 0):
 garbage-first heap   total 157696K, used 51374K [0x0000000080000000, 0x0000000100000000)
  region size 1024K, 3 young (3072K), 3 survivors (3072K)
 Metaspace       used 58891K, capacity 60364K, committed 60496K, reserved 1101824K
  class space    used 7433K, capacity 7989K, committed 8064K, reserved 1048576K
}
Event: 12.898 GC heap before
{Heap before GC invocations=13 (full 0):
 garbage-first heap   total 157696K, used 108718K [0x0000000080000000, 0x0000000100000000)
  region size 1024K, 53 young (54272K), 3 survivors (3072K)
 Metaspace       used 63009K, capacity 64458K, committed 64592K, reserved 1105920K
  class space    used 7926K, capacity 8514K, committed 8576K, reserved 1048576K
}
Event: 12.906 GC heap after
{Heap after GC invocations=14 (full 0):
 garbage-first heap   total 157696K, used 55961K [0x0000000080000000, 0x0000000100000000)
  region size 1024K, 7 young (7168K), 7 survivors (7168K)
 Metaspace       used 63009K, capacity 64458K, committed 64592K, reserved 1105920K
  class space    used 7926K, capacity 8514K, committed 8576K, reserved 1048576K
}
Event: 12.919 GC heap before
{Heap before GC invocations=14 (full 0):
 garbage-first heap   total 157696K, used 55961K [0x0000000080000000, 0x0000000100000000)
  region size 1024K, 8 young (8192K), 7 survivors (7168K)
 Metaspace       used 63061K, capacity 64522K, committed 64848K, reserved 1105920K
  class space    used 7933K, capacity 8514K, committed 8576K, reserved 1048576K
}
Event: 12.923 GC heap after
{Heap after GC invocations=15 (full 0):
 garbage-first heap   total 157696K, used 56772K [0x0000000080000000, 0x0000000100000000)
  region size 1024K, 1 young (1024K), 1 survivors (1024K)
 Metaspace       used 63061K, capacity 64522K, committed 64848K, reserved 1105920K
  class space    used 7933K, capacity 8514K, committed 8576K, reserved 1048576K
}
Event: 12.990 GC heap before
{Heap before GC invocations=15 (full 0):
 garbage-first heap   total 157696K, used 62916K [0x0000000080000000, 0x0000000100000000)
  region size 1024K, 7 young (7168K), 1 survivors (1024K)
 Metaspace       used 63291K, capacity 64752K, committed 64848K, reserved 1105920K
  class space    used 7956K, capacity 8547K, committed 8576K, reserved 1048576K
}
Event: 12.992 GC heap after
{Heap after GC invocations=16 (full 0):
 garbage-first heap   total 157696K, used 56642K [0x0000000080000000, 0x0000000100000000)
  region size 1024K, 1 young (1024K), 1 survivors (1024K)
 Metaspace       used 63291K, capacity 64752K, committed 64848K, reserved 1105920K
  class space    used 7956K, capacity 8547K, committed 8576K, reserved 1048576K
}

