# JRE version: OpenJDK Runtime Environment (11.0.13) (build 11.0.13+0-b1751.21-8125866)
# Java VM: OpenJDK 64-Bit Server VM (11.0.13+0-b1751.21-8125866, mixed mode, tiered, compressed oops, g1 gc, windows-amd64)
Heap:
 garbage-first heap   total 439296K, used 307880K [0x0000000080000000, 0x0000000100000000)
  region size 1024K, 165 young (168960K), 10 survivors (10240K)
 Metaspace       used 121633K, capacity 124846K, committed 125120K, reserved 1157120K
  class space    used 15187K, capacity 16478K, committed 16640K, reserved 1048576K
GC Heap History (20 events):
Event: 31.982 GC heap before
{Heap before GC invocations=48 (full 0):
 garbage-first heap   total 276480K, used 217532K [0x0000000080000000, 0x0000000100000000)
  region size 1024K, 76 young (77824K), 6 survivors (6144K)
 Metaspace       used 117419K, capacity 120302K, committed 121664K, reserved 1155072K
  class space    used 14830K, capacity 15966K, committed 16512K, reserved 1048576K
}
Event: 31.997 GC heap after
{Heap after GC invocations=49 (full 0):
 garbage-first heap   total 439296K, used 145866K [0x0000000080000000, 0x0000000100000000)
  region size 1024K, 6 young (6144K), 6 survivors (6144K)
 Metaspace       used 117419K, capacity 120302K, committed 121664K, reserved 1155072K
  class space    used 14830K, capacity 15966K, committed 16512K, reserved 1048576K
}
Event: 32.790 GC heap before
{Heap before GC invocations=50 (full 0):
 garbage-first heap   total 439296K, used 272842K [0x0000000080000000, 0x0000000100000000)
  region size 1024K, 131 young (134144K), 6 survivors (6144K)
 Metaspace       used 119180K, capacity 122436K, committed 122816K, reserved 1155072K
  class space    used 15120K, capacity 16390K, committed 16640K, reserved 1048576K
}
Event: 32.983 GC heap after
{Heap after GC invocations=51 (full 0):
 garbage-first heap   total 439296K, used 146949K [0x0000000080000000, 0x0000000100000000)
  region size 1024K, 7 young (7168K), 7 survivors (7168K)
 Metaspace       used 119180K, capacity 122436K, committed 122816K, reserved 1155072K
  class space    used 15120K, capacity 16390K, committed 16640K, reserved 1048576K
}
Event: 34.069 GC heap before
{Heap before GC invocations=51 (full 0):
 garbage-first heap   total 439296K, used 276997K [0x0000000080000000, 0x0000000100000000)
  region size 1024K, 135 young (138240K), 7 survivors (7168K)
 Metaspace       used 119475K, capacity 122700K, committed 123072K, reserved 1155072K
  class space    used 15126K, capacity 16391K, committed 16640K, reserved 1048576K
}
Event: 34.110 GC heap after
{Heap after GC invocations=52 (full 0):
 garbage-first heap   total 439296K, used 147112K [0x0000000080000000, 0x0000000100000000)
  region size 1024K, 7 young (7168K), 7 survivors (7168K)
 Metaspace       used 119475K, capacity 122700K, committed 123072K, reserved 1155072K
  class space    used 15126K, capacity 16391K, committed 16640K, reserved 1048576K
}
Event: 35.025 GC heap before
{Heap before GC invocations=52 (full 0):
 garbage-first heap   total 439296K, used 290472K [0x0000000080000000, 0x0000000100000000)
  region size 1024K, 148 young (151552K), 7 survivors (7168K)
 Metaspace       used 119892K, capacity 123170K, committed 123584K, reserved 1157120K
  class space    used 15148K, capacity 16440K, committed 16640K, reserved 1048576K
}
Event: 35.047 GC heap after
{Heap after GC invocations=53 (full 0):
 garbage-first heap   total 439296K, used 148136K [0x0000000080000000, 0x0000000100000000)
  region size 1024K, 8 young (8192K), 8 survivors (8192K)
 Metaspace       used 119892K, capacity 123170K, committed 123584K, reserved 1157120K
  class space    used 15148K, capacity 16440K, committed 16640K, reserved 1048576K
}
Event: 36.171 GC heap before
{Heap before GC invocations=53 (full 0):
 garbage-first heap   total 439296K, used 307880K [0x0000000080000000, 0x0000000100000000)
  region size 1024K, 164 young (167936K), 8 survivors (8192K)
 Metaspace       used 120492K, capacity 123743K, committed 124096K, reserved 1157120K
  class space    used 15150K, capacity 16444K, committed 16640K, reserved 1048576K
}
Event: 36.188 GC heap after
{Heap after GC invocations=54 (full 0):
 garbage-first heap   total 439296K, used 147842K [0x0000000080000000, 0x0000000100000000)
  region size 1024K, 8 young (8192K), 8 survivors (8192K)
 Metaspace       used 120492K, capacity 123743K, committed 124096K, reserved 1157120K
  class space    used 15150K, capacity 16444K, committed 16640K, reserved 1048576K
}
Event: 36.964 GC heap before
{Heap before GC invocations=54 (full 0):
 garbage-first heap   total 439296K, used 334210K [0x0000000080000000, 0x0000000100000000)
  region size 1024K, 190 young (194560K), 8 survivors (8192K)
 Metaspace       used 120693K, capacity 123897K, committed 124096K, reserved 1157120K
  class space    used 15153K, capacity 16448K, committed 16640K, reserved 1048576K
}
Event: 36.993 GC heap after
{Heap after GC invocations=55 (full 0):
 garbage-first heap   total 439296K, used 148314K [0x0000000080000000, 0x0000000100000000)
  region size 1024K, 9 young (9216K), 9 survivors (9216K)
 Metaspace       used 120693K, capacity 123897K, committed 124096K, reserved 1157120K
  class space    used 15153K, capacity 16448K, committed 16640K, reserved 1048576K
}
Event: 37.959 GC heap before
{Heap before GC invocations=55 (full 0):
 garbage-first heap   total 439296K, used 363354K [0x0000000080000000, 0x0000000100000000)
  region size 1024K, 219 young (224256K), 9 survivors (9216K)
 Metaspace       used 120936K, capacity 124185K, committed 124608K, reserved 1157120K
  class space    used 15153K, capacity 16448K, committed 16640K, reserved 1048576K
}
Event: 37.986 GC heap after
{Heap after GC invocations=56 (full 0):
 garbage-first heap   total 439296K, used 148900K [0x0000000080000000, 0x0000000100000000)
  region size 1024K, 9 young (9216K), 9 survivors (9216K)
 Metaspace       used 120936K, capacity 124185K, committed 124608K, reserved 1157120K
  class space    used 15153K, capacity 16448K, committed 16640K, reserved 1048576K
}
Event: 39.001 GC heap before
{Heap before GC invocations=56 (full 0):
 garbage-first heap   total 439296K, used 377252K [0x0000000080000000, 0x0000000100000000)
  region size 1024K, 233 young (238592K), 9 survivors (9216K)
 Metaspace       used 121291K, capacity 124530K, committed 124864K, reserved 1157120K
  class space    used 15175K, capacity 16456K, committed 16640K, reserved 1048576K
}
Event: 39.029 GC heap after
{Heap after GC invocations=57 (full 0):
 garbage-first heap   total 439296K, used 149958K [0x0000000080000000, 0x0000000100000000)
  region size 1024K, 10 young (10240K), 10 survivors (10240K)
 Metaspace       used 121291K, capacity 124530K, committed 124864K, reserved 1157120K
  class space    used 15175K, capacity 16456K, committed 16640K, reserved 1048576K
}
Event: 40.669 GC heap before
{Heap before GC invocations=57 (full 0):
 garbage-first heap   total 439296K, used 382406K [0x0000000080000000, 0x0000000100000000)
  region size 1024K, 236 young (241664K), 10 survivors (10240K)
 Metaspace       used 121510K, capacity 124735K, committed 125120K, reserved 1157120K
  class space    used 15179K, capacity 16464K, committed 16640K, reserved 1048576K
}
Event: 40.700 GC heap after
{Heap after GC invocations=58 (full 0):
 garbage-first heap   total 439296K, used 149160K [0x0000000080000000, 0x0000000100000000)
  region size 1024K, 9 young (9216K), 9 survivors (9216K)
 Metaspace       used 121510K, capacity 124735K, committed 125120K, reserved 1157120K
  class space    used 15179K, capacity 16464K, committed 16640K, reserved 1048576K
}
Event: 45.258 GC heap before
{Heap before GC invocations=58 (full 0):
 garbage-first heap   total 439296K, used 383656K [0x0000000080000000, 0x0000000100000000)
  region size 1024K, 238 young (243712K), 9 survivors (9216K)
 Metaspace       used 121535K, capacity 124740K, committed 125120K, reserved 1157120K
  class space    used 15180K, capacity 16465K, committed 16640K, reserved 1048576K
}
Event: 45.343 GC heap after
{Heap after GC invocations=59 (full 0):
 garbage-first heap   total 439296K, used 150184K [0x0000000080000000, 0x0000000100000000)
  region size 1024K, 10 young (10240K), 10 survivors (10240K)
 Metaspace       used 121535K, capacity 124740K, committed 125120K, reserved 1157120K
  class space    used 15180K, capacity 16465K, committed 16640K, reserved 1048576K
}

