# JRE version: OpenJDK Runtime Environment (11.0.13) (build 11.0.13+0-b1751.21-8125866)
# Java VM: OpenJDK 64-Bit Server VM (11.0.13+0-b1751.21-8125866, mixed mode, tiered, compressed oops, g1 gc, windows-amd64)
Heap:
 garbage-first heap   total 131072K, used 80405K [0x0000000080000000, 0x0000000100000000)
  region size 1024K, 20 young (20480K), 6 survivors (6144K)
 Metaspace       used 76965K, capacity 78600K, committed 78760K, reserved 1118208K
  class space    used 9917K, capacity 10528K, committed 10572K, reserved 1048576K
GC Heap History (20 events):
Event: 7.320 GC heap before
{Heap before GC invocations=7 (full 0):
 garbage-first heap   total 131072K, used 89837K [0x0000000080000000, 0x0000000100000000)
  region size 1024K, 70 young (71680K), 7 survivors (7168K)
 Metaspace       used 40139K, capacity 41103K, committed 41244K, reserved 1085440K
  class space    used 5067K, capacity 5412K, committed 5452K, reserved 1048576K
}
Event: 7.330 GC heap after
{Heap after GC invocations=8 (full 0):
 garbage-first heap   total 131072K, used 27472K [0x0000000080000000, 0x0000000100000000)
  region size 1024K, 9 young (9216K), 9 survivors (9216K)
 Metaspace       used 40139K, capacity 41103K, committed 41244K, reserved 1085440K
  class space    used 5067K, capacity 5412K, committed 5452K, reserved 1048576K
}
Event: 8.155 GC heap before
{Heap before GC invocations=8 (full 0):
 garbage-first heap   total 131072K, used 90960K [0x0000000080000000, 0x0000000100000000)
  region size 1024K, 71 young (72704K), 9 survivors (9216K)
 Metaspace       used 45973K, capacity 47055K, committed 47260K, reserved 1089536K
  class space    used 5831K, capacity 6258K, committed 6348K, reserved 1048576K
}
Event: 8.164 GC heap after
{Heap after GC invocations=9 (full 0):
 garbage-first heap   total 131072K, used 29329K [0x0000000080000000, 0x0000000100000000)
  region size 1024K, 3 young (3072K), 3 survivors (3072K)
 Metaspace       used 45973K, capacity 47055K, committed 47260K, reserved 1089536K
  class space    used 5831K, capacity 6258K, committed 6348K, reserved 1048576K
}
Event: 9.275 GC heap before
{Heap before GC invocations=9 (full 0):
 garbage-first heap   total 131072K, used 99985K [0x0000000080000000, 0x0000000100000000)
  region size 1024K, 66 young (67584K), 3 survivors (3072K)
 Metaspace       used 48838K, capacity 50115K, committed 50204K, reserved 1093632K
  class space    used 6167K, capacity 6688K, committed 6732K, reserved 1048576K
}
Event: 9.280 GC heap after
{Heap after GC invocations=10 (full 0):
 garbage-first heap   total 131072K, used 42703K [0x0000000080000000, 0x0000000100000000)
  region size 1024K, 9 young (9216K), 9 survivors (9216K)
 Metaspace       used 48838K, capacity 50115K, committed 50204K, reserved 1093632K
  class space    used 6167K, capacity 6688K, committed 6732K, reserved 1048576K
}
Event: 10.201 GC heap before
{Heap before GC invocations=10 (full 0):
 garbage-first heap   total 131072K, used 100047K [0x0000000080000000, 0x0000000100000000)
  region size 1024K, 63 young (64512K), 9 survivors (9216K)
 Metaspace       used 55065K, capacity 56472K, committed 56604K, reserved 1097728K
  class space    used 6936K, capacity 7462K, committed 7500K, reserved 1048576K
}
Event: 10.208 GC heap after
{Heap after GC invocations=11 (full 0):
 garbage-first heap   total 131072K, used 49721K [0x0000000080000000, 0x0000000100000000)
  region size 1024K, 5 young (5120K), 5 survivors (5120K)
 Metaspace       used 55065K, capacity 56472K, committed 56604K, reserved 1097728K
  class space    used 6936K, capacity 7462K, committed 7500K, reserved 1048576K
}
Event: 10.662 GC heap before
{Heap before GC invocations=11 (full 0):
 garbage-first heap   total 131072K, used 76345K [0x0000000080000000, 0x0000000100000000)
  region size 1024K, 32 young (32768K), 5 survivors (5120K)
 Metaspace       used 58963K, capacity 60433K, committed 60636K, reserved 1101824K
  class space    used 7445K, capacity 7991K, committed 8012K, reserved 1048576K
}
Event: 10.667 GC heap after
{Heap after GC invocations=12 (full 0):
 garbage-first heap   total 131072K, used 51032K [0x0000000080000000, 0x0000000100000000)
  region size 1024K, 2 young (2048K), 2 survivors (2048K)
 Metaspace       used 58963K, capacity 60433K, committed 60636K, reserved 1101824K
  class space    used 7445K, capacity 7991K, committed 8012K, reserved 1048576K
}
Event: 11.372 GC heap before
{Heap before GC invocations=13 (full 0):
 garbage-first heap   total 131072K, used 104280K [0x0000000080000000, 0x0000000100000000)
  region size 1024K, 48 young (49152K), 2 survivors (2048K)
 Metaspace       used 62818K, capacity 64299K, committed 64424K, reserved 1105920K
  class space    used 7908K, capacity 8482K, committed 8524K, reserved 1048576K
}
Event: 11.378 GC heap after
{Heap after GC invocations=14 (full 0):
 garbage-first heap   total 131072K, used 55415K [0x0000000080000000, 0x0000000100000000)
  region size 1024K, 6 young (6144K), 6 survivors (6144K)
 Metaspace       used 62818K, capacity 64299K, committed 64424K, reserved 1105920K
  class space    used 7908K, capacity 8482K, committed 8524K, reserved 1048576K
}
Event: 12.035 GC heap before
{Heap before GC invocations=14 (full 0):
 garbage-first heap   total 131072K, used 101495K [0x0000000080000000, 0x0000000100000000)
  region size 1024K, 50 young (51200K), 6 survivors (6144K)
 Metaspace       used 66440K, capacity 67924K, committed 68264K, reserved 1107968K
  class space    used 8378K, capacity 8936K, committed 9036K, reserved 1048576K
}
Event: 12.041 GC heap after
{Heap after GC invocations=15 (full 0):
 garbage-first heap   total 131072K, used 58307K [0x0000000080000000, 0x0000000100000000)
  region size 1024K, 3 young (3072K), 3 survivors (3072K)
 Metaspace       used 66440K, capacity 67924K, committed 68264K, reserved 1107968K
  class space    used 8378K, capacity 8936K, committed 9036K, reserved 1048576K
}
Event: 12.529 GC heap before
{Heap before GC invocations=15 (full 0):
 garbage-first heap   total 131072K, used 103363K [0x0000000080000000, 0x0000000100000000)
  region size 1024K, 47 young (48128K), 3 survivors (3072K)
 Metaspace       used 67744K, capacity 69339K, committed 69544K, reserved 1110016K
  class space    used 8545K, capacity 9170K, committed 9292K, reserved 1048576K
}
Event: 12.534 GC heap after
{Heap after GC invocations=16 (full 0):
 garbage-first heap   total 131072K, used 61053K [0x0000000080000000, 0x0000000100000000)
  region size 1024K, 6 young (6144K), 6 survivors (6144K)
 Metaspace       used 67744K, capacity 69339K, committed 69544K, reserved 1110016K
  class space    used 8545K, capacity 9170K, committed 9292K, reserved 1048576K
}
Event: 13.314 GC heap before
{Heap before GC invocations=16 (full 0):
 garbage-first heap   total 131072K, used 105085K [0x0000000080000000, 0x0000000100000000)
  region size 1024K, 49 young (50176K), 6 survivors (6144K)
 Metaspace       used 71964K, capacity 73549K, committed 73768K, reserved 1114112K
  class space    used 9231K, capacity 9846K, committed 9932K, reserved 1048576K
}
Event: 13.323 GC heap after
{Heap after GC invocations=17 (full 0):
 garbage-first heap   total 131072K, used 64079K [0x0000000080000000, 0x0000000100000000)
  region size 1024K, 7 young (7168K), 7 survivors (7168K)
 Metaspace       used 71964K, capacity 73549K, committed 73768K, reserved 1114112K
  class space    used 9231K, capacity 9846K, committed 9932K, reserved 1048576K
}
Event: 14.119 GC heap before
{Heap before GC invocations=17 (full 0):
 garbage-first heap   total 131072K, used 105039K [0x0000000080000000, 0x0000000100000000)
  region size 1024K, 47 young (48128K), 7 survivors (7168K)
 Metaspace       used 75869K, capacity 77477K, committed 77608K, reserved 1116160K
  class space    used 9771K, capacity 10414K, committed 10444K, reserved 1048576K
}
Event: 14.128 GC heap after
{Heap after GC invocations=18 (full 0):
 garbage-first heap   total 131072K, used 67093K [0x0000000080000000, 0x0000000100000000)
  region size 1024K, 6 young (6144K), 6 survivors (6144K)
 Metaspace       used 75869K, capacity 77477K, committed 77608K, reserved 1116160K
  class space    used 9771K, capacity 10414K, committed 10444K, reserved 1048576K
}

