# JRE version: OpenJDK Runtime Environment (11.0.13) (build 11.0.13+0-b1751.21-8125866)
# Java VM: OpenJDK 64-Bit Server VM (11.0.13+0-b1751.21-8125866, mixed mode, tiered, compressed oops, g1 gc, windows-amd64)
Heap:
 garbage-first heap   total 422912K, used 167738K [0x0000000080000000, 0x0000000100000000)
  region size 1024K, 29 young (29696K), 2 survivors (2048K)
 Metaspace       used 112708K, capacity 115793K, committed 115880K, reserved 1148928K
  class space    used 14693K, capacity 15905K, committed 15948K, reserved 1048576K
GC Heap History (20 events):
Event: 28.456 GC heap before
{Heap before GC invocations=39 (full 0):
 garbage-first heap   total 422912K, used 217713K [0x0000000080000000, 0x0000000100000000)
  region size 1024K, 18 young (18432K), 3 survivors (3072K)
 Metaspace       used 106019K, capacity 108802K, committed 109096K, reserved 1142784K
  class space    used 13862K, capacity 14959K, committed 15052K, reserved 1048576K
}
Event: 28.466 GC heap after
{Heap after GC invocations=40 (full 0):
 garbage-first heap   total 422912K, used 208096K [0x0000000080000000, 0x0000000100000000)
  region size 1024K, 6 young (6144K), 6 survivors (6144K)
 Metaspace       used 106019K, capacity 108802K, committed 109096K, reserved 1142784K
  class space    used 13862K, capacity 14959K, committed 15052K, reserved 1048576K
}
Event: 29.543 GC heap before
{Heap before GC invocations=41 (full 0):
 garbage-first heap   total 422912K, used 288992K [0x0000000080000000, 0x0000000100000000)
  region size 1024K, 82 young (83968K), 6 survivors (6144K)
 Metaspace       used 106740K, capacity 109558K, committed 109736K, reserved 1144832K
  class space    used 13942K, capacity 15059K, committed 15180K, reserved 1048576K
}
Event: 29.559 GC heap after
{Heap after GC invocations=42 (full 0):
 garbage-first heap   total 422912K, used 217984K [0x0000000080000000, 0x0000000100000000)
  region size 1024K, 12 young (12288K), 12 survivors (12288K)
 Metaspace       used 106740K, capacity 109558K, committed 109736K, reserved 1144832K
  class space    used 13942K, capacity 15059K, committed 15180K, reserved 1048576K
}
Event: 30.811 GC heap before
{Heap before GC invocations=43 (full 0):
 garbage-first heap   total 422912K, used 327552K [0x0000000080000000, 0x0000000100000000)
  region size 1024K, 111 young (113664K), 12 survivors (12288K)
 Metaspace       used 109097K, capacity 111864K, committed 112040K, reserved 1146880K
  class space    used 14203K, capacity 15324K, committed 15436K, reserved 1048576K
}
Event: 30.833 GC heap after
{Heap after GC invocations=44 (full 0):
 garbage-first heap   total 422912K, used 235788K [0x0000000080000000, 0x0000000100000000)
  region size 1024K, 8 young (8192K), 8 survivors (8192K)
 Metaspace       used 109097K, capacity 111864K, committed 112040K, reserved 1146880K
  class space    used 14203K, capacity 15324K, committed 15436K, reserved 1048576K
}
Event: 31.322 GC heap before
{Heap before GC invocations=44 (full 0):
 garbage-first heap   total 422912K, used 343308K [0x0000000080000000, 0x0000000100000000)
  region size 1024K, 94 young (96256K), 8 survivors (8192K)
 Metaspace       used 109198K, capacity 111970K, committed 112296K, reserved 1146880K
  class space    used 14206K, capacity 15330K, committed 15436K, reserved 1048576K
}
Event: 31.327 GC heap after
{Heap after GC invocations=45 (full 0):
 garbage-first heap   total 422912K, used 224980K [0x0000000080000000, 0x0000000100000000)
  region size 1024K, 2 young (2048K), 2 survivors (2048K)
 Metaspace       used 109198K, capacity 111970K, committed 112296K, reserved 1146880K
  class space    used 14206K, capacity 15330K, committed 15436K, reserved 1048576K
}
Event: 39.470 GC heap before
{Heap before GC invocations=46 (full 0):
 garbage-first heap   total 422912K, used 326356K [0x0000000080000000, 0x0000000100000000)
  region size 1024K, 102 young (104448K), 2 survivors (2048K)
 Metaspace       used 111600K, capacity 114543K, committed 114728K, reserved 1148928K
  class space    used 14557K, capacity 15710K, committed 15820K, reserved 1048576K
}
Event: 39.475 GC heap after
{Heap after GC invocations=47 (full 0):
 garbage-first heap   total 422912K, used 222480K [0x0000000080000000, 0x0000000100000000)
  region size 1024K, 2 young (2048K), 2 survivors (2048K)
 Metaspace       used 111600K, capacity 114543K, committed 114728K, reserved 1148928K
  class space    used 14557K, capacity 15710K, committed 15820K, reserved 1048576K
}
Event: 54.995 GC heap before
{Heap before GC invocations=47 (full 0):
 garbage-first heap   total 422912K, used 239888K [0x0000000080000000, 0x0000000100000000)
  region size 1024K, 20 young (20480K), 2 survivors (2048K)
 Metaspace       used 112096K, capacity 115127K, committed 115240K, reserved 1148928K
  class space    used 14620K, capacity 15788K, committed 15820K, reserved 1048576K
}
Event: 55.000 GC heap after
{Heap after GC invocations=48 (full 0):
 garbage-first heap   total 422912K, used 218109K [0x0000000080000000, 0x0000000100000000)
  region size 1024K, 2 young (2048K), 2 survivors (2048K)
 Metaspace       used 112096K, capacity 115127K, committed 115240K, reserved 1148928K
  class space    used 14620K, capacity 15788K, committed 15820K, reserved 1048576K
}
Event: 55.040 GC heap before
{Heap before GC invocations=48 (full 0):
 garbage-first heap   total 422912K, used 219133K [0x0000000080000000, 0x0000000100000000)
  region size 1024K, 4 young (4096K), 2 survivors (2048K)
 Metaspace       used 112127K, capacity 115129K, committed 115240K, reserved 1148928K
  class space    used 14625K, capacity 15789K, committed 15820K, reserved 1048576K
}
Event: 55.045 GC heap after
{Heap after GC invocations=49 (full 0):
 garbage-first heap   total 422912K, used 218144K [0x0000000080000000, 0x0000000100000000)
  region size 1024K, 2 young (2048K), 2 survivors (2048K)
 Metaspace       used 112127K, capacity 115129K, committed 115240K, reserved 1148928K
  class space    used 14625K, capacity 15789K, committed 15820K, reserved 1048576K
}
Event: 56.336 GC heap before
{Heap before GC invocations=50 (full 0):
 garbage-first heap   total 422912K, used 306208K [0x0000000080000000, 0x0000000100000000)
  region size 1024K, 117 young (119808K), 2 survivors (2048K)
 Metaspace       used 112192K, capacity 115257K, committed 115496K, reserved 1148928K
  class space    used 14626K, capacity 15789K, committed 15820K, reserved 1048576K
}
Event: 56.342 GC heap after
{Heap after GC invocations=51 (full 0):
 garbage-first heap   total 422912K, used 189226K [0x0000000080000000, 0x0000000100000000)
  region size 1024K, 3 young (3072K), 3 survivors (3072K)
 Metaspace       used 112192K, capacity 115257K, committed 115496K, reserved 1148928K
  class space    used 14626K, capacity 15789K, committed 15820K, reserved 1048576K
}
Event: 56.464 GC heap before
{Heap before GC invocations=51 (full 0):
 garbage-first heap   total 422912K, used 206634K [0x0000000080000000, 0x0000000100000000)
  region size 1024K, 20 young (20480K), 3 survivors (3072K)
 Metaspace       used 112192K, capacity 115257K, committed 115496K, reserved 1148928K
  class space    used 14626K, capacity 15789K, committed 15820K, reserved 1048576K
}
Event: 56.484 GC heap after
{Heap after GC invocations=52 (full 0):
 garbage-first heap   total 422912K, used 150422K [0x0000000080000000, 0x0000000100000000)
  region size 1024K, 2 young (2048K), 2 survivors (2048K)
 Metaspace       used 112192K, capacity 115257K, committed 115496K, reserved 1148928K
  class space    used 14626K, capacity 15789K, committed 15820K, reserved 1048576K
}
Event: 56.592 GC heap before
{Heap before GC invocations=52 (full 0):
 garbage-first heap   total 422912K, used 168854K [0x0000000080000000, 0x0000000100000000)
  region size 1024K, 20 young (20480K), 2 survivors (2048K)
 Metaspace       used 112192K, capacity 115257K, committed 115496K, reserved 1148928K
  class space    used 14626K, capacity 15789K, committed 15820K, reserved 1048576K
}
Event: 56.611 GC heap after
{Heap after GC invocations=53 (full 0):
 garbage-first heap   total 422912K, used 141114K [0x0000000080000000, 0x0000000100000000)
  region size 1024K, 2 young (2048K), 2 survivors (2048K)
 Metaspace       used 112192K, capacity 115257K, committed 115496K, reserved 1148928K
  class space    used 14626K, capacity 15789K, committed 15820K, reserved 1048576K
}

