# JRE version: OpenJDK Runtime Environment (11.0.13) (build 11.0.13+0-b1751.21-8125866)
# Java VM: OpenJDK 64-Bit Server VM (11.0.13+0-b1751.21-8125866, mixed mode, tiered, compressed oops, g1 gc, windows-amd64)
Heap:
 garbage-first heap   total 201728K, used 96616K [0x0000000081600000, 0x0000000100000000)
  region size 1024K, 26 young (26624K), 7 survivors (7168K)
 Metaspace       used 85573K, capacity 86578K, committed 86744K, reserved 1126400K
  class space    used 9227K, capacity 9622K, committed 9728K, reserved 1048576K
GC Heap History (20 events):
Event: 1.149 GC heap before
{Heap before GC invocations=1 (full 0):
 garbage-first heap   total 131072K, used 45279K [0x0000000081600000, 0x0000000100000000)
  region size 1024K, 41 young (41984K), 3 survivors (3072K)
 Metaspace       used 20786K, capacity 21051K, committed 21248K, reserved 1069056K
  class space    used 2202K, capacity 2277K, committed 2304K, reserved 1048576K
}
Event: 1.161 GC heap after
{Heap after GC invocations=2 (full 0):
 garbage-first heap   total 131072K, used 11088K [0x0000000081600000, 0x0000000100000000)
  region size 1024K, 7 young (7168K), 7 survivors (7168K)
 Metaspace       used 20786K, capacity 21051K, committed 21248K, reserved 1069056K
  class space    used 2202K, capacity 2277K, committed 2304K, reserved 1048576K
}
Event: 1.995 GC heap before
{Heap before GC invocations=3 (full 0):
 garbage-first heap   total 131072K, used 66384K [0x0000000081600000, 0x0000000100000000)
  region size 1024K, 55 young (56320K), 7 survivors (7168K)
 Metaspace       used 32124K, capacity 32604K, committed 33024K, reserved 1079296K
  class space    used 3769K, capacity 3971K, committed 4096K, reserved 1048576K
}
Event: 2.011 GC heap after
{Heap after GC invocations=4 (full 0):
 garbage-first heap   total 131072K, used 24019K [0x0000000081600000, 0x0000000100000000)
  region size 1024K, 7 young (7168K), 7 survivors (7168K)
 Metaspace       used 32124K, capacity 32604K, committed 33024K, reserved 1079296K
  class space    used 3769K, capacity 3971K, committed 4096K, reserved 1048576K
}
Event: 2.159 GC heap before
{Heap before GC invocations=4 (full 0):
 garbage-first heap   total 131072K, used 33235K [0x0000000081600000, 0x0000000100000000)
  region size 1024K, 17 young (17408K), 7 survivors (7168K)
 Metaspace       used 34902K, capacity 35362K, committed 35584K, reserved 1081344K
  class space    used 4288K, capacity 4485K, committed 4608K, reserved 1048576K
}
Event: 2.171 GC heap after
{Heap after GC invocations=5 (full 0):
 garbage-first heap   total 131072K, used 24844K [0x0000000081600000, 0x0000000100000000)
  region size 1024K, 1 young (1024K), 1 survivors (1024K)
 Metaspace       used 34902K, capacity 35362K, committed 35584K, reserved 1081344K
  class space    used 4288K, capacity 4485K, committed 4608K, reserved 1048576K
}
Event: 2.965 GC heap before
{Heap before GC invocations=6 (full 0):
 garbage-first heap   total 131072K, used 78092K [0x0000000081600000, 0x0000000100000000)
  region size 1024K, 53 young (54272K), 1 survivors (1024K)
 Metaspace       used 45116K, capacity 45655K, committed 45696K, reserved 1089536K
  class space    used 5307K, capacity 5501K, committed 5504K, reserved 1048576K
}
Event: 2.973 GC heap after
{Heap after GC invocations=7 (full 0):
 garbage-first heap   total 157696K, used 27579K [0x0000000081600000, 0x0000000100000000)
  region size 1024K, 6 young (6144K), 6 survivors (6144K)
 Metaspace       used 45116K, capacity 45655K, committed 45696K, reserved 1089536K
  class space    used 5307K, capacity 5501K, committed 5504K, reserved 1048576K
}
Event: 3.846 GC heap before
{Heap before GC invocations=7 (full 0):
 garbage-first heap   total 157696K, used 95163K [0x0000000081600000, 0x0000000100000000)
  region size 1024K, 69 young (70656K), 6 survivors (6144K)
 Metaspace       used 51270K, capacity 51873K, committed 52096K, reserved 1095680K
  class space    used 5942K, capacity 6179K, committed 6272K, reserved 1048576K
}
Event: 3.857 GC heap after
{Heap after GC invocations=8 (full 0):
 garbage-first heap   total 157696K, used 36550K [0x0000000081600000, 0x0000000100000000)
  region size 1024K, 7 young (7168K), 7 survivors (7168K)
 Metaspace       used 51270K, capacity 51873K, committed 52096K, reserved 1095680K
  class space    used 5942K, capacity 6179K, committed 6272K, reserved 1048576K
}
Event: 5.188 GC heap before
{Heap before GC invocations=8 (full 0):
 garbage-first heap   total 157696K, used 102086K [0x0000000081600000, 0x0000000100000000)
  region size 1024K, 72 young (73728K), 7 survivors (7168K)
 Metaspace       used 58936K, capacity 59657K, committed 59736K, reserved 1101824K
  class space    used 6736K, capacity 7037K, committed 7040K, reserved 1048576K
}
Event: 5.233 GC heap after
{Heap after GC invocations=9 (full 0):
 garbage-first heap   total 157696K, used 46978K [0x0000000081600000, 0x0000000100000000)
  region size 1024K, 9 young (9216K), 9 survivors (9216K)
 Metaspace       used 58936K, capacity 59657K, committed 59736K, reserved 1101824K
  class space    used 6736K, capacity 7037K, committed 7040K, reserved 1048576K
}
Event: 6.465 GC heap before
{Heap before GC invocations=10 (full 0):
 garbage-first heap   total 157696K, used 110466K [0x0000000081600000, 0x0000000100000000)
  region size 1024K, 71 young (72704K), 9 survivors (9216K)
 Metaspace       used 62800K, capacity 63642K, committed 63832K, reserved 1105920K
  class space    used 7106K, capacity 7435K, committed 7552K, reserved 1048576K
}
Event: 6.484 GC heap after
{Heap after GC invocations=11 (full 0):
 garbage-first heap   total 157696K, used 54784K [0x0000000081600000, 0x0000000100000000)
  region size 1024K, 8 young (8192K), 8 survivors (8192K)
 Metaspace       used 62800K, capacity 63642K, committed 63832K, reserved 1105920K
  class space    used 7106K, capacity 7435K, committed 7552K, reserved 1048576K
}
Event: 8.145 GC heap before
{Heap before GC invocations=11 (full 0):
 garbage-first heap   total 157696K, used 115200K [0x0000000081600000, 0x0000000100000000)
  region size 1024K, 67 young (68608K), 8 survivors (8192K)
 Metaspace       used 68153K, capacity 69101K, committed 69208K, reserved 1110016K
  class space    used 7597K, capacity 7991K, committed 8064K, reserved 1048576K
}
Event: 8.169 GC heap after
{Heap after GC invocations=12 (full 0):
 garbage-first heap   total 201728K, used 62966K [0x0000000081600000, 0x0000000100000000)
  region size 1024K, 8 young (8192K), 8 survivors (8192K)
 Metaspace       used 68153K, capacity 69101K, committed 69208K, reserved 1110016K
  class space    used 7597K, capacity 7991K, committed 8064K, reserved 1048576K
}
Event: 9.758 GC heap before
{Heap before GC invocations=12 (full 0):
 garbage-first heap   total 201728K, used 137718K [0x0000000081600000, 0x0000000100000000)
  region size 1024K, 81 young (82944K), 8 survivors (8192K)
 Metaspace       used 75811K, capacity 76758K, committed 77016K, reserved 1118208K
  class space    used 8284K, capacity 8653K, committed 8704K, reserved 1048576K
}
Event: 9.776 GC heap after
{Heap after GC invocations=13 (full 0):
 garbage-first heap   total 201728K, used 71768K [0x0000000081600000, 0x0000000100000000)
  region size 1024K, 9 young (9216K), 9 survivors (9216K)
 Metaspace       used 75811K, capacity 76758K, committed 77016K, reserved 1118208K
  class space    used 8284K, capacity 8653K, committed 8704K, reserved 1048576K
}
Event: 10.853 GC heap before
{Heap before GC invocations=13 (full 0):
 garbage-first heap   total 201728K, used 146520K [0x0000000081600000, 0x0000000100000000)
  region size 1024K, 82 young (83968K), 9 survivors (9216K)
 Metaspace       used 85344K, capacity 86380K, committed 86488K, reserved 1126400K
  class space    used 9218K, capacity 9620K, committed 9728K, reserved 1048576K
}
Event: 10.871 GC heap after
{Heap after GC invocations=14 (full 0):
 garbage-first heap   total 201728K, used 78184K [0x0000000081600000, 0x0000000100000000)
  region size 1024K, 7 young (7168K), 7 survivors (7168K)
 Metaspace       used 85344K, capacity 86380K, committed 86488K, reserved 1126400K
  class space    used 9218K, capacity 9620K, committed 9728K, reserved 1048576K
}

