# JRE version: OpenJDK Runtime Environment (11.0.13) (build 11.0.13+0-b1751.21-8125866)
# Java VM: OpenJDK 64-Bit Server VM (11.0.13+0-b1751.21-8125866, mixed mode, tiered, compressed oops, g1 gc, windows-amd64)
Heap:
 garbage-first heap   total 189440K, used 155529K [0x0000000080000000, 0x0000000100000000)
  region size 1024K, 66 young (67584K), 7 survivors (7168K)
 Metaspace       used 97138K, capacity 99477K, committed 100048K, reserved 1136640K
  class space    used 12432K, capacity 13299K, committed 13568K, reserved 1048576K
GC Heap History (20 events):
Event: 10.155 GC heap before
{Heap before GC invocations=13 (full 0):
 garbage-first heap   total 157696K, used 127410K [0x0000000080000000, 0x0000000100000000)
  region size 1024K, 71 young (72704K), 3 survivors (3072K)
 Metaspace       used 64146K, capacity 65654K, committed 65744K, reserved 1105920K
  class space    used 8104K, capacity 8676K, committed 8704K, reserved 1048576K
}
Event: 10.167 GC heap after
{Heap after GC invocations=14 (full 0):
 garbage-first heap   total 157696K, used 57182K [0x0000000080000000, 0x0000000100000000)
  region size 1024K, 8 young (8192K), 8 survivors (8192K)
 Metaspace       used 64146K, capacity 65654K, committed 65744K, reserved 1105920K
  class space    used 8104K, capacity 8676K, committed 8704K, reserved 1048576K
}
Event: 11.392 GC heap before
{Heap before GC invocations=14 (full 0):
 garbage-first heap   total 157696K, used 122718K [0x0000000080000000, 0x0000000100000000)
  region size 1024K, 72 young (73728K), 8 survivors (8192K)
 Metaspace       used 67848K, capacity 69566K, committed 69584K, reserved 1110016K
  class space    used 8563K, capacity 9202K, committed 9216K, reserved 1048576K
}
Event: 11.411 GC heap after
{Heap after GC invocations=15 (full 0):
 garbage-first heap   total 189440K, used 61796K [0x0000000080000000, 0x0000000100000000)
  region size 1024K, 5 young (5120K), 5 survivors (5120K)
 Metaspace       used 67848K, capacity 69566K, committed 69584K, reserved 1110016K
  class space    used 8563K, capacity 9202K, committed 9216K, reserved 1048576K
}
Event: 12.701 GC heap before
{Heap before GC invocations=15 (full 0):
 garbage-first heap   total 189440K, used 140644K [0x0000000080000000, 0x0000000100000000)
  region size 1024K, 82 young (83968K), 5 survivors (5120K)
 Metaspace       used 74922K, capacity 76628K, committed 76880K, reserved 1116160K
  class space    used 9641K, capacity 10284K, committed 10368K, reserved 1048576K
}
Event: 12.707 GC heap after
{Heap after GC invocations=16 (full 0):
 garbage-first heap   total 189440K, used 66177K [0x0000000080000000, 0x0000000100000000)
  region size 1024K, 9 young (9216K), 9 survivors (9216K)
 Metaspace       used 74922K, capacity 76628K, committed 76880K, reserved 1116160K
  class space    used 9641K, capacity 10284K, committed 10368K, reserved 1048576K
}
Event: 13.669 GC heap before
{Heap before GC invocations=16 (full 0):
 garbage-first heap   total 189440K, used 144001K [0x0000000080000000, 0x0000000100000000)
  region size 1024K, 85 young (87040K), 9 survivors (9216K)
 Metaspace       used 82594K, capacity 84338K, committed 84560K, reserved 1122304K
  class space    used 10687K, capacity 11356K, committed 11392K, reserved 1048576K
}
Event: 13.679 GC heap after
{Heap after GC invocations=17 (full 0):
 garbage-first heap   total 189440K, used 71177K [0x0000000080000000, 0x0000000100000000)
  region size 1024K, 10 young (10240K), 10 survivors (10240K)
 Metaspace       used 82594K, capacity 84338K, committed 84560K, reserved 1122304K
  class space    used 10687K, capacity 11356K, committed 11392K, reserved 1048576K
}
Event: 14.702 GC heap before
{Heap before GC invocations=17 (full 0):
 garbage-first heap   total 189440K, used 146953K [0x0000000080000000, 0x0000000100000000)
  region size 1024K, 85 young (87040K), 10 survivors (10240K)
 Metaspace       used 86271K, capacity 88503K, committed 88656K, reserved 1126400K
  class space    used 11268K, capacity 12098K, committed 12160K, reserved 1048576K
}
Event: 14.724 GC heap after
{Heap after GC invocations=18 (full 0):
 garbage-first heap   total 189440K, used 77106K [0x0000000080000000, 0x0000000100000000)
  region size 1024K, 11 young (11264K), 11 survivors (11264K)
 Metaspace       used 86271K, capacity 88503K, committed 88656K, reserved 1126400K
  class space    used 11268K, capacity 12098K, committed 12160K, reserved 1048576K
}
Event: 15.742 GC heap before
{Heap before GC invocations=18 (full 0):
 garbage-first heap   total 189440K, used 149810K [0x0000000080000000, 0x0000000100000000)
  region size 1024K, 83 young (84992K), 11 survivors (11264K)
 Metaspace       used 86901K, capacity 89168K, committed 89424K, reserved 1126400K
  class space    used 11307K, capacity 12151K, committed 12160K, reserved 1048576K
}
Event: 15.763 GC heap after
{Heap after GC invocations=19 (full 0):
 garbage-first heap   total 189440K, used 82905K [0x0000000080000000, 0x0000000100000000)
  region size 1024K, 6 young (6144K), 6 survivors (6144K)
 Metaspace       used 86901K, capacity 89168K, committed 89424K, reserved 1126400K
  class space    used 11307K, capacity 12151K, committed 12160K, reserved 1048576K
}
Event: 16.722 GC heap before
{Heap before GC invocations=19 (full 0):
 garbage-first heap   total 189440K, used 152537K [0x0000000080000000, 0x0000000100000000)
  region size 1024K, 75 young (76800K), 6 survivors (6144K)
 Metaspace       used 89039K, capacity 91305K, committed 91600K, reserved 1128448K
  class space    used 11588K, capacity 12455K, committed 12544K, reserved 1048576K
}
Event: 16.737 GC heap after
{Heap after GC invocations=20 (full 0):
 garbage-first heap   total 189440K, used 86811K [0x0000000080000000, 0x0000000100000000)
  region size 1024K, 5 young (5120K), 5 survivors (5120K)
 Metaspace       used 89039K, capacity 91305K, committed 91600K, reserved 1128448K
  class space    used 11588K, capacity 12455K, committed 12544K, reserved 1048576K
}
Event: 17.899 GC heap before
{Heap before GC invocations=20 (full 0):
 garbage-first heap   total 189440K, used 153371K [0x0000000080000000, 0x0000000100000000)
  region size 1024K, 71 young (72704K), 5 survivors (5120K)
 Metaspace       used 93587K, capacity 95830K, committed 95952K, reserved 1132544K
  class space    used 12135K, capacity 12999K, committed 13056K, reserved 1048576K
}
Event: 17.906 GC heap after
{Heap after GC invocations=21 (full 0):
 garbage-first heap   total 189440K, used 90154K [0x0000000080000000, 0x0000000100000000)
  region size 1024K, 8 young (8192K), 8 survivors (8192K)
 Metaspace       used 93587K, capacity 95830K, committed 95952K, reserved 1132544K
  class space    used 12135K, capacity 12999K, committed 13056K, reserved 1048576K
}
Event: 18.428 GC heap before
{Heap before GC invocations=21 (full 0):
 garbage-first heap   total 189440K, used 154666K [0x0000000080000000, 0x0000000100000000)
  region size 1024K, 72 young (73728K), 8 survivors (8192K)
 Metaspace       used 94986K, capacity 97384K, committed 97488K, reserved 1134592K
  class space    used 12332K, capacity 13264K, committed 13312K, reserved 1048576K
}
Event: 18.437 GC heap after
{Heap after GC invocations=22 (full 0):
 garbage-first heap   total 189440K, used 93567K [0x0000000080000000, 0x0000000100000000)
  region size 1024K, 8 young (8192K), 8 survivors (8192K)
 Metaspace       used 94986K, capacity 97384K, committed 97488K, reserved 1134592K
  class space    used 12332K, capacity 13264K, committed 13312K, reserved 1048576K
}
Event: 207.502 GC heap before
{Heap before GC invocations=22 (full 0):
 garbage-first heap   total 189440K, used 156031K [0x0000000080000000, 0x0000000100000000)
  region size 1024K, 70 young (71680K), 8 survivors (8192K)
 Metaspace       used 96792K, capacity 99331K, committed 99536K, reserved 1134592K
  class space    used 12530K, capacity 13474K, committed 13568K, reserved 1048576K
}
Event: 207.515 GC heap after
{Heap after GC invocations=23 (full 0):
 garbage-first heap   total 189440K, used 97161K [0x0000000080000000, 0x0000000100000000)
  region size 1024K, 7 young (7168K), 7 survivors (7168K)
 Metaspace       used 96792K, capacity 99331K, committed 99536K, reserved 1134592K
  class space    used 12530K, capacity 13474K, committed 13568K, reserved 1048576K
}

