# JRE version: OpenJDK Runtime Environment (11.0.13) (build 11.0.13+0-b1751.21-8125866)
# Java VM: OpenJDK 64-Bit Server VM (11.0.13+0-b1751.21-8125866, mixed mode, tiered, compressed oops, g1 gc, windows-amd64)
Heap:
 garbage-first heap   total 227328K, used 170501K [0x0000000080000000, 0x0000000100000000)
  region size 1024K, 65 young (66560K), 5 survivors (5120K)
 Metaspace       used 117489K, capacity 121311K, committed 121552K, reserved 1153024K
  class space    used 15543K, capacity 17133K, committed 17184K, reserved 1048576K
GC Heap History (20 events):
Event: 19.086 GC heap before
{Heap before GC invocations=19 (full 0):
 garbage-first heap   total 157696K, used 121221K [0x0000000080000000, 0x0000000100000000)
  region size 1024K, 59 young (60416K), 8 survivors (8192K)
 Metaspace       used 83084K, capacity 84895K, committed 85072K, reserved 1122304K
  class space    used 10732K, capacity 11390K, committed 11424K, reserved 1048576K
}
Event: 19.102 GC heap after
{Heap after GC invocations=20 (full 0):
 garbage-first heap   total 157696K, used 72427K [0x0000000080000000, 0x0000000100000000)
  region size 1024K, 8 young (8192K), 8 survivors (8192K)
 Metaspace       used 83084K, capacity 84895K, committed 85072K, reserved 1122304K
  class space    used 10732K, capacity 11390K, committed 11424K, reserved 1048576K
}
Event: 20.365 GC heap before
{Heap before GC invocations=20 (full 0):
 garbage-first heap   total 157696K, used 122603K [0x0000000080000000, 0x0000000100000000)
  region size 1024K, 58 young (59392K), 8 survivors (8192K)
 Metaspace       used 86021K, capacity 88165K, committed 88272K, reserved 1126400K
  class space    used 11242K, capacity 12056K, committed 12064K, reserved 1048576K
}
Event: 20.381 GC heap after
{Heap after GC invocations=21 (full 0):
 garbage-first heap   total 157696K, used 76048K [0x0000000080000000, 0x0000000100000000)
  region size 1024K, 8 young (8192K), 8 survivors (8192K)
 Metaspace       used 86021K, capacity 88165K, committed 88272K, reserved 1126400K
  class space    used 11242K, capacity 12056K, committed 12064K, reserved 1048576K
}
Event: 21.494 GC heap before
{Heap before GC invocations=21 (full 0):
 garbage-first heap   total 157696K, used 125200K [0x0000000080000000, 0x0000000100000000)
  region size 1024K, 57 young (58368K), 8 survivors (8192K)
 Metaspace       used 86653K, capacity 88823K, committed 88912K, reserved 1126400K
  class space    used 11279K, capacity 12108K, committed 12192K, reserved 1048576K
}
Event: 21.510 GC heap after
{Heap after GC invocations=22 (full 0):
 garbage-first heap   total 157696K, used 79438K [0x0000000080000000, 0x0000000100000000)
  region size 1024K, 8 young (8192K), 8 survivors (8192K)
 Metaspace       used 86653K, capacity 88823K, committed 88912K, reserved 1126400K
  class space    used 11279K, capacity 12108K, committed 12192K, reserved 1048576K
}
Event: 22.431 GC heap before
{Heap before GC invocations=22 (full 0):
 garbage-first heap   total 157696K, used 126542K [0x0000000080000000, 0x0000000100000000)
  region size 1024K, 55 young (56320K), 8 survivors (8192K)
 Metaspace       used 87418K, capacity 89594K, committed 89680K, reserved 1126400K
  class space    used 11363K, capacity 12192K, committed 12192K, reserved 1048576K
}
Event: 22.450 GC heap after
{Heap after GC invocations=23 (full 0):
 garbage-first heap   total 189440K, used 82942K [0x0000000080000000, 0x0000000100000000)
  region size 1024K, 7 young (7168K), 7 survivors (7168K)
 Metaspace       used 87418K, capacity 89594K, committed 89680K, reserved 1126400K
  class space    used 11363K, capacity 12192K, committed 12192K, reserved 1048576K
}
Event: 23.447 GC heap before
{Heap before GC invocations=24 (full 0):
 garbage-first heap   total 189440K, used 149502K [0x0000000080000000, 0x0000000100000000)
  region size 1024K, 73 young (74752K), 7 survivors (7168K)
 Metaspace       used 91593K, capacity 93728K, committed 93904K, reserved 1130496K
  class space    used 11911K, capacity 12737K, committed 12832K, reserved 1048576K
}
Event: 23.460 GC heap after
{Heap after GC invocations=25 (full 0):
 garbage-first heap   total 189440K, used 85230K [0x0000000080000000, 0x0000000100000000)
  region size 1024K, 6 young (6144K), 6 survivors (6144K)
 Metaspace       used 91593K, capacity 93728K, committed 93904K, reserved 1130496K
  class space    used 11911K, capacity 12737K, committed 12832K, reserved 1048576K
}
Event: 25.394 GC heap before
{Heap before GC invocations=25 (full 0):
 garbage-first heap   total 189440K, used 152814K [0x0000000080000000, 0x0000000100000000)
  region size 1024K, 71 young (72704K), 6 survivors (6144K)
 Metaspace       used 100099K, capacity 102556K, committed 102608K, reserved 1138688K
  class space    used 12909K, capacity 13822K, committed 13856K, reserved 1048576K
}
Event: 25.409 GC heap after
{Heap after GC invocations=26 (full 0):
 garbage-first heap   total 189440K, used 93851K [0x0000000080000000, 0x0000000100000000)
  region size 1024K, 9 young (9216K), 9 survivors (9216K)
 Metaspace       used 100099K, capacity 102556K, committed 102608K, reserved 1138688K
  class space    used 12909K, capacity 13822K, committed 13856K, reserved 1048576K
}
Event: 28.026 GC heap before
{Heap before GC invocations=26 (full 0):
 garbage-first heap   total 189440K, used 152219K [0x0000000080000000, 0x0000000100000000)
  region size 1024K, 67 young (68608K), 9 survivors (9216K)
 Metaspace       used 103186K, capacity 105727K, committed 105808K, reserved 1140736K
  class space    used 13238K, capacity 14211K, committed 14240K, reserved 1048576K
}
Event: 28.062 GC heap after
{Heap after GC invocations=27 (full 0):
 garbage-first heap   total 189440K, used 96752K [0x0000000080000000, 0x0000000100000000)
  region size 1024K, 6 young (6144K), 6 survivors (6144K)
 Metaspace       used 103186K, capacity 105727K, committed 105808K, reserved 1140736K
  class space    used 13238K, capacity 14211K, committed 14240K, reserved 1048576K
}
Event: 29.039 GC heap before
{Heap before GC invocations=28 (full 0):
 garbage-first heap   total 189440K, used 151024K [0x0000000080000000, 0x0000000100000000)
  region size 1024K, 61 young (62464K), 6 survivors (6144K)
 Metaspace       used 104471K, capacity 106908K, committed 107344K, reserved 1142784K
  class space    used 13342K, capacity 14262K, committed 14496K, reserved 1048576K
}
Event: 29.061 GC heap after
{Heap after GC invocations=29 (full 0):
 garbage-first heap   total 189440K, used 99583K [0x0000000080000000, 0x0000000100000000)
  region size 1024K, 5 young (5120K), 5 survivors (5120K)
 Metaspace       used 104471K, capacity 106908K, committed 107344K, reserved 1142784K
  class space    used 13342K, capacity 14262K, committed 14496K, reserved 1048576K
}
Event: 29.940 GC heap before
{Heap before GC invocations=30 (full 0):
 garbage-first heap   total 189440K, used 153855K [0x0000000080000000, 0x0000000100000000)
  region size 1024K, 59 young (60416K), 5 survivors (5120K)
 Metaspace       used 107719K, capacity 110389K, committed 110544K, reserved 1144832K
  class space    used 13827K, capacity 14850K, committed 14880K, reserved 1048576K
}
Event: 29.959 GC heap after
{Heap after GC invocations=31 (full 0):
 garbage-first heap   total 189440K, used 105322K [0x0000000080000000, 0x0000000100000000)
  region size 1024K, 8 young (8192K), 8 survivors (8192K)
 Metaspace       used 107719K, capacity 110389K, committed 110544K, reserved 1144832K
  class space    used 13827K, capacity 14850K, committed 14880K, reserved 1048576K
}
Event: 30.608 GC heap before
{Heap before GC invocations=31 (full 0):
 garbage-first heap   total 189440K, used 154474K [0x0000000080000000, 0x0000000100000000)
  region size 1024K, 57 young (58368K), 8 survivors (8192K)
 Metaspace       used 112246K, capacity 115419K, committed 115664K, reserved 1148928K
  class space    used 14608K, capacity 15894K, committed 15904K, reserved 1048576K
}
Event: 30.637 GC heap after
{Heap after GC invocations=32 (full 0):
 garbage-first heap   total 227328K, used 109061K [0x0000000080000000, 0x0000000100000000)
  region size 1024K, 5 young (5120K), 5 survivors (5120K)
 Metaspace       used 112246K, capacity 115419K, committed 115664K, reserved 1148928K
  class space    used 14608K, capacity 15894K, committed 15904K, reserved 1048576K
}

