# JRE version: OpenJDK Runtime Environment (11.0.13) (build 11.0.13+0-b1751.21-8125866)
# Java VM: OpenJDK 64-Bit Server VM (11.0.13+0-b1751.21-8125866, mixed mode, tiered, compressed oops, g1 gc, windows-amd64)
Heap:
 garbage-first heap   total 328704K, used 204506K [0x0000000080000000, 0x0000000100000000)
  region size 1024K, 20 young (20480K), 4 survivors (4096K)
 Metaspace       used 140155K, capacity 143588K, committed 143616K, reserved 1179648K
  class space    used 17406K, capacity 18677K, committed 18688K, reserved 1048576K
GC Heap History (20 events):
Event: 1471.236 GC heap before
{Heap before GC invocations=79 (full 0):
 garbage-first heap   total 273408K, used 224173K [0x0000000080000000, 0x0000000100000000)
  region size 1024K, 21 young (21504K), 3 survivors (3072K)
 Metaspace       used 129001K, capacity 132219K, committed 132480K, reserved 1165312K
  class space    used 16079K, capacity 17221K, committed 17280K, reserved 1048576K
}
Event: 1471.241 GC heap after
{Heap after GC invocations=80 (full 0):
 garbage-first heap   total 273408K, used 207265K [0x0000000080000000, 0x0000000100000000)
  region size 1024K, 3 young (3072K), 3 survivors (3072K)
 Metaspace       used 129001K, capacity 132219K, committed 132480K, reserved 1165312K
  class space    used 16079K, capacity 17221K, committed 17280K, reserved 1048576K
}
Event: 1471.347 GC heap before
{Heap before GC invocations=81 (full 0):
 garbage-first heap   total 273408K, used 229793K [0x0000000080000000, 0x0000000100000000)
  region size 1024K, 25 young (25600K), 3 survivors (3072K)
 Metaspace       used 129517K, capacity 132699K, committed 132992K, reserved 1165312K
  class space    used 16118K, capacity 17253K, committed 17280K, reserved 1048576K
}
Event: 1471.352 GC heap after
{Heap after GC invocations=82 (full 0):
 garbage-first heap   total 273408K, used 208411K [0x0000000080000000, 0x0000000100000000)
  region size 1024K, 3 young (3072K), 3 survivors (3072K)
 Metaspace       used 129517K, capacity 132699K, committed 132992K, reserved 1165312K
  class space    used 16118K, capacity 17253K, committed 17280K, reserved 1048576K
}
Event: 1471.398 GC heap before
{Heap before GC invocations=82 (full 0):
 garbage-first heap   total 273408K, used 217627K [0x0000000080000000, 0x0000000100000000)
  region size 1024K, 13 young (13312K), 3 survivors (3072K)
 Metaspace       used 129667K, capacity 132827K, committed 132992K, reserved 1165312K
  class space    used 16128K, capacity 17253K, committed 17280K, reserved 1048576K
}
Event: 1471.403 GC heap after
{Heap after GC invocations=83 (full 0):
 garbage-first heap   total 273408K, used 188953K [0x0000000080000000, 0x0000000100000000)
  region size 1024K, 2 young (2048K), 2 survivors (2048K)
 Metaspace       used 129667K, capacity 132827K, committed 132992K, reserved 1165312K
  class space    used 16128K, capacity 17253K, committed 17280K, reserved 1048576K
}
Event: 1471.617 GC heap before
{Heap before GC invocations=83 (full 0):
 garbage-first heap   total 273408K, used 219673K [0x0000000080000000, 0x0000000100000000)
  region size 1024K, 33 young (33792K), 2 survivors (2048K)
 Metaspace       used 130196K, capacity 133377K, committed 133632K, reserved 1165312K
  class space    used 16157K, capacity 17286K, committed 17408K, reserved 1048576K
}
Event: 1471.620 GC heap after
{Heap after GC invocations=84 (full 0):
 garbage-first heap   total 273408K, used 187727K [0x0000000080000000, 0x0000000100000000)
  region size 1024K, 1 young (1024K), 1 survivors (1024K)
 Metaspace       used 130196K, capacity 133377K, committed 133632K, reserved 1165312K
  class space    used 16157K, capacity 17286K, committed 17408K, reserved 1048576K
}
Event: 1472.247 GC heap before
{Heap before GC invocations=85 (full 0):
 garbage-first heap   total 273408K, used 221519K [0x0000000080000000, 0x0000000100000000)
  region size 1024K, 35 young (35840K), 1 survivors (1024K)
 Metaspace       used 130984K, capacity 134186K, committed 134400K, reserved 1167360K
  class space    used 16243K, capacity 17396K, committed 17408K, reserved 1048576K
}
Event: 1472.253 GC heap after
{Heap after GC invocations=86 (full 0):
 garbage-first heap   total 273408K, used 189061K [0x0000000080000000, 0x0000000100000000)
  region size 1024K, 2 young (2048K), 2 survivors (2048K)
 Metaspace       used 130984K, capacity 134186K, committed 134400K, reserved 1167360K
  class space    used 16243K, capacity 17396K, committed 17408K, reserved 1048576K
}
Event: 1472.425 GC heap before
{Heap before GC invocations=86 (full 0):
 garbage-first heap   total 273408K, used 199301K [0x0000000080000000, 0x0000000100000000)
  region size 1024K, 13 young (13312K), 2 survivors (2048K)
 Metaspace       used 131039K, capacity 134256K, committed 134400K, reserved 1167360K
  class space    used 16244K, capacity 17396K, committed 17408K, reserved 1048576K
}
Event: 1472.432 GC heap after
{Heap after GC invocations=87 (full 0):
 garbage-first heap   total 273408K, used 185703K [0x0000000080000000, 0x0000000100000000)
  region size 1024K, 1 young (1024K), 1 survivors (1024K)
 Metaspace       used 131039K, capacity 134256K, committed 134400K, reserved 1167360K
  class space    used 16244K, capacity 17396K, committed 17408K, reserved 1048576K
}
Event: 1473.020 GC heap before
{Heap before GC invocations=87 (full 0):
 garbage-first heap   total 273408K, used 222567K [0x0000000080000000, 0x0000000100000000)
  region size 1024K, 38 young (38912K), 1 survivors (1024K)
 Metaspace       used 132609K, capacity 135841K, committed 135936K, reserved 1167360K
  class space    used 16414K, capacity 17573K, committed 17664K, reserved 1048576K
}
Event: 1473.028 GC heap after
{Heap after GC invocations=88 (full 0):
 garbage-first heap   total 273408K, used 188872K [0x0000000080000000, 0x0000000100000000)
  region size 1024K, 4 young (4096K), 4 survivors (4096K)
 Metaspace       used 132609K, capacity 135841K, committed 135936K, reserved 1167360K
  class space    used 16414K, capacity 17573K, committed 17664K, reserved 1048576K
}
Event: 1473.910 GC heap before
{Heap before GC invocations=89 (full 0):
 garbage-first heap   total 273408K, used 225736K [0x0000000080000000, 0x0000000100000000)
  region size 1024K, 41 young (41984K), 4 survivors (4096K)
 Metaspace       used 133364K, capacity 136579K, committed 136704K, reserved 1169408K
  class space    used 16486K, capacity 17625K, committed 17664K, reserved 1048576K
}
Event: 1473.925 GC heap after
{Heap after GC invocations=90 (full 0):
 garbage-first heap   total 273408K, used 192145K [0x0000000080000000, 0x0000000100000000)
  region size 1024K, 4 young (4096K), 4 survivors (4096K)
 Metaspace       used 133364K, capacity 136579K, committed 136704K, reserved 1169408K
  class space    used 16486K, capacity 17625K, committed 17664K, reserved 1048576K
}
Event: 1474.074 GC heap before
{Heap before GC invocations=90 (full 0):
 garbage-first heap   total 273408K, used 200337K [0x0000000080000000, 0x0000000100000000)
  region size 1024K, 13 young (13312K), 4 survivors (4096K)
 Metaspace       used 133393K, capacity 136579K, committed 136704K, reserved 1169408K
  class space    used 16489K, capacity 17625K, committed 17664K, reserved 1048576K
}
Event: 1474.090 GC heap after
{Heap after GC invocations=91 (full 0):
 garbage-first heap   total 328704K, used 186688K [0x0000000080000000, 0x0000000100000000)
  region size 1024K, 2 young (2048K), 2 survivors (2048K)
 Metaspace       used 133393K, capacity 136579K, committed 136704K, reserved 1169408K
  class space    used 16489K, capacity 17625K, committed 17664K, reserved 1048576K
}
Event: 1476.274 GC heap before
{Heap before GC invocations=91 (full 0):
 garbage-first heap   total 328704K, used 248128K [0x0000000080000000, 0x0000000100000000)
  region size 1024K, 63 young (64512K), 2 survivors (2048K)
 Metaspace       used 137132K, capacity 140417K, committed 140544K, reserved 1171456K
  class space    used 16976K, capacity 18150K, committed 18176K, reserved 1048576K
}
Event: 1476.280 GC heap after
{Heap after GC invocations=92 (full 0):
 garbage-first heap   total 328704K, used 189146K [0x0000000080000000, 0x0000000100000000)
  region size 1024K, 4 young (4096K), 4 survivors (4096K)
 Metaspace       used 137132K, capacity 140417K, committed 140544K, reserved 1171456K
  class space    used 16976K, capacity 18150K, committed 18176K, reserved 1048576K
}

