# JRE version: OpenJDK Runtime Environment (11.0.13) (build 11.0.13+0-b1751.21-8125866)
# Java VM: OpenJDK 64-Bit Server VM (11.0.13+0-b1751.21-8125866, mixed mode, tiered, compressed oops, g1 gc, windows-amd64)
Heap:
 garbage-first heap   total 189440K, used 120223K [0x0000000080000000, 0x0000000100000000)
  region size 1024K, 35 young (35840K), 7 survivors (7168K)
 Metaspace       used 95575K, capacity 97994K, committed 98216K, reserved 1134592K
  class space    used 12425K, capacity 13359K, committed 13388K, reserved 1048576K
GC Heap History (20 events):
Event: 11.268 GC heap before
{Heap before GC invocations=16 (full 0):
 garbage-first heap   total 157696K, used 111119K [0x0000000080000000, 0x0000000100000000)
  region size 1024K, 55 young (56320K), 4 survivors (4096K)
 Metaspace       used 68346K, capacity 69988K, committed 70056K, reserved 1110016K
  class space    used 8606K, capacity 9236K, committed 9292K, reserved 1048576K
}
Event: 11.274 GC heap after
{Heap after GC invocations=17 (full 0):
 garbage-first heap   total 157696K, used 62725K [0x0000000080000000, 0x0000000100000000)
  region size 1024K, 7 young (7168K), 7 survivors (7168K)
 Metaspace       used 68346K, capacity 69988K, committed 70056K, reserved 1110016K
  class space    used 8606K, capacity 9236K, committed 9292K, reserved 1048576K
}
Event: 11.955 GC heap before
{Heap before GC invocations=17 (full 0):
 garbage-first heap   total 157696K, used 114949K [0x0000000080000000, 0x0000000100000000)
  region size 1024K, 58 young (59392K), 7 survivors (7168K)
 Metaspace       used 74310K, capacity 75939K, committed 76200K, reserved 1116160K
  class space    used 9561K, capacity 10211K, committed 10316K, reserved 1048576K
}
Event: 11.962 GC heap after
{Heap after GC invocations=18 (full 0):
 garbage-first heap   total 157696K, used 66012K [0x0000000080000000, 0x0000000100000000)
  region size 1024K, 8 young (8192K), 8 survivors (8192K)
 Metaspace       used 74310K, capacity 75939K, committed 76200K, reserved 1116160K
  class space    used 9561K, capacity 10211K, committed 10316K, reserved 1048576K
}
Event: 12.571 GC heap before
{Heap before GC invocations=18 (full 0):
 garbage-first heap   total 157696K, used 118236K [0x0000000080000000, 0x0000000100000000)
  region size 1024K, 59 young (60416K), 8 survivors (8192K)
 Metaspace       used 78613K, capacity 80342K, committed 80680K, reserved 1120256K
  class space    used 10159K, capacity 10824K, committed 10956K, reserved 1048576K
}
Event: 12.579 GC heap after
{Heap after GC invocations=19 (full 0):
 garbage-first heap   total 157696K, used 69652K [0x0000000080000000, 0x0000000100000000)
  region size 1024K, 7 young (7168K), 7 survivors (7168K)
 Metaspace       used 78613K, capacity 80342K, committed 80680K, reserved 1120256K
  class space    used 10159K, capacity 10824K, committed 10956K, reserved 1048576K
}
Event: 13.737 GC heap before
{Heap before GC invocations=19 (full 0):
 garbage-first heap   total 157696K, used 121876K [0x0000000080000000, 0x0000000100000000)
  region size 1024K, 58 young (59392K), 7 survivors (7168K)
 Metaspace       used 83808K, capacity 85698K, committed 85928K, reserved 1124352K
  class space    used 10874K, capacity 11574K, committed 11596K, reserved 1048576K
}
Event: 13.751 GC heap after
{Heap after GC invocations=20 (full 0):
 garbage-first heap   total 157696K, used 73122K [0x0000000080000000, 0x0000000100000000)
  region size 1024K, 8 young (8192K), 8 survivors (8192K)
 Metaspace       used 83808K, capacity 85698K, committed 85928K, reserved 1124352K
  class space    used 10874K, capacity 11574K, committed 11596K, reserved 1048576K
}
Event: 14.723 GC heap before
{Heap before GC invocations=20 (full 0):
 garbage-first heap   total 157696K, used 122274K [0x0000000080000000, 0x0000000100000000)
  region size 1024K, 57 young (58368K), 8 survivors (8192K)
 Metaspace       used 86072K, capacity 88267K, committed 88488K, reserved 1126400K
  class space    used 11258K, capacity 12090K, committed 12108K, reserved 1048576K
}
Event: 14.740 GC heap after
{Heap after GC invocations=21 (full 0):
 garbage-first heap   total 157696K, used 76624K [0x0000000080000000, 0x0000000100000000)
  region size 1024K, 7 young (7168K), 7 survivors (7168K)
 Metaspace       used 86072K, capacity 88267K, committed 88488K, reserved 1126400K
  class space    used 11258K, capacity 12090K, committed 12108K, reserved 1048576K
}
Event: 15.547 GC heap before
{Heap before GC invocations=21 (full 0):
 garbage-first heap   total 157696K, used 125776K [0x0000000080000000, 0x0000000100000000)
  region size 1024K, 56 young (57344K), 7 survivors (7168K)
 Metaspace       used 86644K, capacity 88852K, committed 89128K, reserved 1126400K
  class space    used 11294K, capacity 12142K, committed 12236K, reserved 1048576K
}
Event: 15.565 GC heap after
{Heap after GC invocations=22 (full 0):
 garbage-first heap   total 157696K, used 80119K [0x0000000080000000, 0x0000000100000000)
  region size 1024K, 7 young (7168K), 7 survivors (7168K)
 Metaspace       used 86644K, capacity 88852K, committed 89128K, reserved 1126400K
  class space    used 11294K, capacity 12142K, committed 12236K, reserved 1048576K
}
Event: 16.122 GC heap before
{Heap before GC invocations=22 (full 0):
 garbage-first heap   total 157696K, used 126199K [0x0000000080000000, 0x0000000100000000)
  region size 1024K, 53 young (54272K), 7 survivors (7168K)
 Metaspace       used 87094K, capacity 89370K, committed 89640K, reserved 1126400K
  class space    used 11308K, capacity 12155K, committed 12236K, reserved 1048576K
}
Event: 16.143 GC heap after
{Heap after GC invocations=23 (full 0):
 garbage-first heap   total 189440K, used 83822K [0x0000000080000000, 0x0000000100000000)
  region size 1024K, 7 young (7168K), 7 survivors (7168K)
 Metaspace       used 87094K, capacity 89370K, committed 89640K, reserved 1126400K
  class space    used 11308K, capacity 12155K, committed 12236K, reserved 1048576K
}
Event: 16.931 GC heap before
{Heap before GC invocations=24 (full 0):
 garbage-first heap   total 189440K, used 142190K [0x0000000080000000, 0x0000000100000000)
  region size 1024K, 65 young (66560K), 7 survivors (7168K)
 Metaspace       used 89137K, capacity 91384K, committed 91688K, reserved 1128448K
  class space    used 11598K, capacity 12441K, committed 12492K, reserved 1048576K
}
Event: 16.947 GC heap after
{Heap after GC invocations=25 (full 0):
 garbage-first heap   total 189440K, used 87018K [0x0000000080000000, 0x0000000100000000)
  region size 1024K, 7 young (7168K), 7 survivors (7168K)
 Metaspace       used 89137K, capacity 91384K, committed 91688K, reserved 1128448K
  class space    used 11598K, capacity 12441K, committed 12492K, reserved 1048576K
}
Event: 17.611 GC heap before
{Heap before GC invocations=25 (full 0):
 garbage-first heap   total 189440K, used 145386K [0x0000000080000000, 0x0000000100000000)
  region size 1024K, 65 young (66560K), 7 survivors (7168K)
 Metaspace       used 93249K, capacity 95488K, committed 95784K, reserved 1132544K
  class space    used 12094K, capacity 12952K, committed 13004K, reserved 1048576K
}
Event: 17.618 GC heap after
{Heap after GC invocations=26 (full 0):
 garbage-first heap   total 189440K, used 90572K [0x0000000080000000, 0x0000000100000000)
  region size 1024K, 7 young (7168K), 7 survivors (7168K)
 Metaspace       used 93249K, capacity 95488K, committed 95784K, reserved 1132544K
  class space    used 12094K, capacity 12952K, committed 13004K, reserved 1048576K
}
Event: 18.153 GC heap before
{Heap before GC invocations=26 (full 0):
 garbage-first heap   total 189440K, used 147916K [0x0000000080000000, 0x0000000100000000)
  region size 1024K, 64 young (65536K), 7 survivors (7168K)
 Metaspace       used 94737K, capacity 97076K, committed 97320K, reserved 1134592K
  class space    used 12302K, capacity 13186K, committed 13260K, reserved 1048576K
}
Event: 18.165 GC heap after
{Heap after GC invocations=27 (full 0):
 garbage-first heap   total 189440K, used 93599K [0x0000000080000000, 0x0000000100000000)
  region size 1024K, 7 young (7168K), 7 survivors (7168K)
 Metaspace       used 94737K, capacity 97076K, committed 97320K, reserved 1134592K
  class space    used 12302K, capacity 13186K, committed 13260K, reserved 1048576K
}

