# JRE version: OpenJDK Runtime Environment (11.0.13) (build 11.0.13+0-b1751.21-8125866)
# Java VM: OpenJDK 64-Bit Server VM (11.0.13+0-b1751.21-8125866, mixed mode, tiered, compressed oops, g1 gc, windows-amd64)
Heap:
 garbage-first heap   total 189440K, used 148156K [0x0000000080000000, 0x0000000100000000)
  region size 1024K, 64 young (65536K), 7 survivors (7168K)
 Metaspace       used 95249K, capacity 97606K, committed 97744K, reserved 1134592K
  class space    used 12372K, capacity 13273K, committed 13312K, reserved 1048576K
GC Heap History (20 events):
Event: 9.585 GC heap before
{Heap before GC invocations=12 (full 0):
 garbage-first heap   total 157696K, used 125868K [0x0000000080000000, 0x0000000100000000)
  region size 1024K, 69 young (70656K), 3 survivors (3072K)
 Metaspace       used 64003K, capacity 65518K, committed 65744K, reserved 1105920K
  class space    used 8086K, capacity 8653K, committed 8704K, reserved 1048576K
}
Event: 9.595 GC heap after
{Heap after GC invocations=13 (full 0):
 garbage-first heap   total 157696K, used 57569K [0x0000000080000000, 0x0000000100000000)
  region size 1024K, 9 young (9216K), 9 survivors (9216K)
 Metaspace       used 64003K, capacity 65518K, committed 65744K, reserved 1105920K
  class space    used 8086K, capacity 8653K, committed 8704K, reserved 1048576K
}
Event: 10.829 GC heap before
{Heap before GC invocations=13 (full 0):
 garbage-first heap   total 157696K, used 122081K [0x0000000080000000, 0x0000000100000000)
  region size 1024K, 71 young (72704K), 9 survivors (9216K)
 Metaspace       used 67747K, capacity 69433K, committed 69584K, reserved 1110016K
  class space    used 8554K, capacity 9179K, committed 9216K, reserved 1048576K
}
Event: 10.846 GC heap after
{Heap after GC invocations=14 (full 0):
 garbage-first heap   total 157696K, used 62063K [0x0000000080000000, 0x0000000100000000)
  region size 1024K, 5 young (5120K), 5 survivors (5120K)
 Metaspace       used 67747K, capacity 69433K, committed 69584K, reserved 1110016K
  class space    used 8554K, capacity 9179K, committed 9216K, reserved 1048576K
}
Event: 12.070 GC heap before
{Heap before GC invocations=14 (full 0):
 garbage-first heap   total 157696K, used 123503K [0x0000000080000000, 0x0000000100000000)
  region size 1024K, 65 young (66560K), 5 survivors (5120K)
 Metaspace       used 73098K, capacity 74760K, committed 75088K, reserved 1114112K
  class space    used 9401K, capacity 9991K, committed 10112K, reserved 1048576K
}
Event: 12.083 GC heap after
{Heap after GC invocations=15 (full 0):
 garbage-first heap   total 157696K, used 65544K [0x0000000080000000, 0x0000000100000000)
  region size 1024K, 8 young (8192K), 8 survivors (8192K)
 Metaspace       used 73098K, capacity 74760K, committed 75088K, reserved 1114112K
  class space    used 9401K, capacity 9991K, committed 10112K, reserved 1048576K
}
Event: 12.887 GC heap before
{Heap before GC invocations=15 (full 0):
 garbage-first heap   total 157696K, used 124936K [0x0000000080000000, 0x0000000100000000)
  region size 1024K, 66 young (67584K), 8 survivors (8192K)
 Metaspace       used 78459K, capacity 80117K, committed 80208K, reserved 1118208K
  class space    used 10169K, capacity 10797K, committed 10880K, reserved 1048576K
}
Event: 12.896 GC heap after
{Heap after GC invocations=16 (full 0):
 garbage-first heap   total 157696K, used 68937K [0x0000000080000000, 0x0000000100000000)
  region size 1024K, 8 young (8192K), 8 survivors (8192K)
 Metaspace       used 78459K, capacity 80117K, committed 80208K, reserved 1118208K
  class space    used 10169K, capacity 10797K, committed 10880K, reserved 1048576K
}
Event: 13.629 GC heap before
{Heap before GC invocations=16 (full 0):
 garbage-first heap   total 157696K, used 127305K [0x0000000080000000, 0x0000000100000000)
  region size 1024K, 65 young (66560K), 8 survivors (8192K)
 Metaspace       used 83921K, capacity 85767K, committed 85840K, reserved 1124352K
  class space    used 10888K, capacity 11594K, committed 11648K, reserved 1048576K
}
Event: 13.639 GC heap after
{Heap after GC invocations=17 (full 0):
 garbage-first heap   total 157696K, used 73938K [0x0000000080000000, 0x0000000100000000)
  region size 1024K, 9 young (9216K), 9 survivors (9216K)
 Metaspace       used 83921K, capacity 85767K, committed 85840K, reserved 1124352K
  class space    used 10888K, capacity 11594K, committed 11648K, reserved 1048576K
}
Event: 14.227 GC heap before
{Heap before GC invocations=17 (full 0):
 garbage-first heap   total 157696K, used 127186K [0x0000000080000000, 0x0000000100000000)
  region size 1024K, 62 young (63488K), 9 survivors (9216K)
 Metaspace       used 86079K, capacity 88350K, committed 88656K, reserved 1126400K
  class space    used 11251K, capacity 12074K, committed 12160K, reserved 1048576K
}
Event: 14.237 GC heap after
{Heap after GC invocations=18 (full 0):
 garbage-first heap   total 157696K, used 77799K [0x0000000080000000, 0x0000000100000000)
  region size 1024K, 5 young (5120K), 5 survivors (5120K)
 Metaspace       used 86079K, capacity 88350K, committed 88656K, reserved 1126400K
  class space    used 11251K, capacity 12074K, committed 12160K, reserved 1048576K
}
Event: 14.866 GC heap before
{Heap before GC invocations=18 (full 0):
 garbage-first heap   total 157696K, used 127975K [0x0000000080000000, 0x0000000100000000)
  region size 1024K, 55 young (56320K), 5 survivors (5120K)
 Metaspace       used 86714K, capacity 88944K, committed 89168K, reserved 1126400K
  class space    used 11287K, capacity 12126K, committed 12160K, reserved 1048576K
}
Event: 14.883 GC heap after
{Heap after GC invocations=19 (full 0):
 garbage-first heap   total 157696K, used 81653K [0x0000000080000000, 0x0000000100000000)
  region size 1024K, 5 young (5120K), 5 survivors (5120K)
 Metaspace       used 86714K, capacity 88944K, committed 89168K, reserved 1126400K
  class space    used 11287K, capacity 12126K, committed 12160K, reserved 1048576K
}
Event: 15.531 GC heap before
{Heap before GC invocations=20 (full 0):
 garbage-first heap   total 157696K, used 128757K [0x0000000080000000, 0x0000000100000000)
  region size 1024K, 52 young (53248K), 5 survivors (5120K)
 Metaspace       used 87039K, capacity 89211K, committed 89424K, reserved 1126400K
  class space    used 11292K, capacity 12121K, committed 12160K, reserved 1048576K
}
Event: 15.546 GC heap after
{Heap after GC invocations=21 (full 0):
 garbage-first heap   total 189440K, used 85263K [0x0000000080000000, 0x0000000100000000)
  region size 1024K, 4 young (4096K), 4 survivors (4096K)
 Metaspace       used 87039K, capacity 89211K, committed 89424K, reserved 1126400K
  class space    used 11292K, capacity 12121K, committed 12160K, reserved 1048576K
}
Event: 16.386 GC heap before
{Heap before GC invocations=21 (full 0):
 garbage-first heap   total 189440K, used 152847K [0x0000000080000000, 0x0000000100000000)
  region size 1024K, 71 young (72704K), 4 survivors (4096K)
 Metaspace       used 90549K, capacity 92782K, committed 93008K, reserved 1130496K
  class space    used 11769K, capacity 12607K, committed 12672K, reserved 1048576K
}
Event: 16.396 GC heap after
{Heap after GC invocations=22 (full 0):
 garbage-first heap   total 189440K, used 87350K [0x0000000080000000, 0x0000000100000000)
  region size 1024K, 6 young (6144K), 6 survivors (6144K)
 Metaspace       used 90549K, capacity 92782K, committed 93008K, reserved 1130496K
  class space    used 11769K, capacity 12607K, committed 12672K, reserved 1048576K
}
Event: 17.810 GC heap before
{Heap before GC invocations=22 (full 0):
 garbage-first heap   total 189440K, used 153910K [0x0000000080000000, 0x0000000100000000)
  region size 1024K, 72 young (73728K), 6 survivors (6144K)
 Metaspace       used 94384K, capacity 96684K, committed 96848K, reserved 1132544K
  class space    used 12241K, capacity 13115K, committed 13184K, reserved 1048576K
}
Event: 17.827 GC heap after
{Heap after GC invocations=23 (full 0):
 garbage-first heap   total 189440K, used 91836K [0x0000000080000000, 0x0000000100000000)
  region size 1024K, 7 young (7168K), 7 survivors (7168K)
 Metaspace       used 94384K, capacity 96684K, committed 96848K, reserved 1132544K
  class space    used 12241K, capacity 13115K, committed 13184K, reserved 1048576K
}

